<?xml version="1.0" encoding="UTF-8"?>
<!-- Generated by org.testng.reporters.JUnitReportReporter -->
<testsuite hostname="Sonali-PC" name="com.scp.hinernateCrudOperations.TestBookImplTest" tests="9" failures="0" timestamp="29 Sep 2017 06:33:28 GMT" time="4.759" errors="0">
  <testcase name="testAddBooks" time="0.115" classname="com.scp.hinernateCrudOperations.TestBookImplTest"/>
  <testcase name="testAddBooks" time="0.117" classname="com.scp.hinernateCrudOperations.TestBookImplTest"/>
  <testcase name="testAddBooks" time="0.124" classname="com.scp.hinernateCrudOperations.TestBookImplTest"/>
  <testcase name="testUpdate" time="0.407" classname="com.scp.hinernateCrudOperations.TestBookImplTest"/>
  <testcase name="testAddBooks" time="2.585" classname="com.scp.hinernateCrudOperations.TestBookImplTest"/>
  <testcase name="testGetListOfBooks" time="1.008" classname="com.scp.hinernateCrudOperations.TestBookImplTest"/>
  <testcase name="testAddBooks" time="0.199" classname="com.scp.hinernateCrudOperations.TestBookImplTest"/>
  <testcase name="testAddBooks" time="0.151" classname="com.scp.hinernateCrudOperations.TestBookImplTest"/>
  <testcase name="testExcetption" time="0.053" classname="com.scp.hinernateCrudOperations.TestBookImplTest"/>
</testsuite> <!-- com.scp.hinernateCrudOperations.TestBookImplTest -->
